<?xml version="1.0" encoding="UTF-8"?>
<testsuite xmlns:xsi="http://www.w3.org/2001/XMLSchema-instance" xsi:noNamespaceSchemaLocation="https://maven.apache.org/surefire/maven-surefire-plugin/xsd/surefire-test-report-3.0.xsd" version="3.0" name="com.ibm.iagro.GreetingResourceTest" time="3.047" tests="1" errors="0" skipped="0" failures="1">
  <properties>
    <property name="java.specification.version" value="14"/>
    <property name="test.url" value="http://localhost:8081"/>
    <property name="sun.jnu.encoding" value="UTF-8"/>
    <property name="java.class.path" value="/Users/pedro.pereira/eclipse-workspace/call-for-code/target/test-classes:/Users/pedro.pereira/eclipse-workspace/call-for-code/target/classes:/Users/pedro.pereira/.m2/repository/io/quarkus/quarkus-arc/1.13.6.Final/quarkus-arc-1.13.6.Final.jar:/Users/pedro.pereira/.m2/repository/io/quarkus/arc/arc/1.13.6.Final/arc-1.13.6.Final.jar:/Users/pedro.pereira/.m2/repository/jakarta/enterprise/jakarta.enterprise.cdi-api/2.0.2/jakarta.enterprise.cdi-api-2.0.2.jar:/Users/pedro.pereira/.m2/repository/jakarta/el/jakarta.el-api/3.0.3/jakarta.el-api-3.0.3.jar:/Users/pedro.pereira/.m2/repository/jakarta/interceptor/jakarta.interceptor-api/1.2.5/jakarta.interceptor-api-1.2.5.jar:/Users/pedro.pereira/.m2/repository/jakarta/annotation/jakarta.annotation-api/1.3.5/jakarta.annotation-api-1.3.5.jar:/Users/pedro.pereira/.m2/repository/jakarta/transaction/jakarta.transaction-api/1.3.3/jakarta.transaction-api-1.3.3.jar:/Users/pedro.pereira/.m2/repository/org/jboss/logging/jboss-logging/3.4.1.Final/jboss-logging-3.4.1.Final.jar:/Users/pedro.pereira/.m2/repository/io/quarkus/quarkus-core/1.13.6.Final/quarkus-core-1.13.6.Final.jar:/Users/pedro.pereira/.m2/repository/jakarta/inject/jakarta.inject-api/1.0/jakarta.inject-api-1.0.jar:/Users/pedro.pereira/.m2/repository/io/quarkus/quarkus-ide-launcher/1.13.6.Final/quarkus-ide-launcher-1.13.6.Final.jar:/Users/pedro.pereira/.m2/repository/io/quarkus/quarkus-development-mode-spi/1.13.6.Final/quarkus-development-mode-spi-1.13.6.Final.jar:/Users/pedro.pereira/.m2/repository/io/smallrye/config/smallrye-config/1.13.1/smallrye-config-1.13.1.jar:/Users/pedro.pereira/.m2/repository/io/smallrye/common/smallrye-common-annotation/1.5.0/smallrye-common-annotation-1.5.0.jar:/Users/pedro.pereira/.m2/repository/io/smallrye/common/smallrye-common-expression/1.5.0/smallrye-common-expression-1.5.0.jar:/Users/pedro.pereira/.m2/repository/io/smallrye/common/smallrye-common-function/1.5.0/smallrye-common-function-1.5.0.jar:/Users/pedro.pereira/.m2/repository/io/smallrye/common/smallrye-common-constraint/1.5.0/smallrye-common-constraint-1.5.0.jar:/Users/pedro.pereira/.m2/repository/io/smallrye/common/smallrye-common-classloader/1.5.0/smallrye-common-classloader-1.5.0.jar:/Users/pedro.pereira/.m2/repository/io/smallrye/config/smallrye-config-common/1.13.1/smallrye-config-common-1.13.1.jar:/Users/pedro.pereira/.m2/repository/org/jboss/logmanager/jboss-logmanager-embedded/1.0.9/jboss-logmanager-embedded-1.0.9.jar:/Users/pedro.pereira/.m2/repository/org/jboss/logging/jboss-logging-annotations/2.2.0.Final/jboss-logging-annotations-2.2.0.Final.jar:/Users/pedro.pereira/.m2/repository/org/jboss/threads/jboss-threads/3.2.0.Final/jboss-threads-3.2.0.Final.jar:/Users/pedro.pereira/.m2/repository/org/slf4j/slf4j-api/1.7.30/slf4j-api-1.7.30.jar:/Users/pedro.pereira/.m2/repository/org/jboss/slf4j/slf4j-jboss-logmanager/1.1.0.Final/slf4j-jboss-logmanager-1.1.0.Final.jar:/Users/pedro.pereira/.m2/repository/org/graalvm/sdk/graal-sdk/21.0.0/graal-sdk-21.0.0.jar:/Users/pedro.pereira/.m2/repository/org/wildfly/common/wildfly-common/1.5.4.Final-format-001/wildfly-common-1.5.4.Final-format-001.jar:/Users/pedro.pereira/.m2/repository/io/quarkus/quarkus-bootstrap-runner/1.13.6.Final/quarkus-bootstrap-runner-1.13.6.Final.jar:/Users/pedro.pereira/.m2/repository/org/eclipse/microprofile/context-propagation/microprofile-context-propagation-api/1.0.1/microprofile-context-propagation-api-1.0.1.jar:/Users/pedro.pereira/.m2/repository/io/quarkus/quarkus-resteasy/1.13.6.Final/quarkus-resteasy-1.13.6.Final.jar:/Users/pedro.pereira/.m2/repository/io/quarkus/quarkus-vertx-http/1.13.6.Final/quarkus-vertx-http-1.13.6.Final.jar:/Users/pedro.pereira/.m2/repository/io/quarkus/quarkus-security-runtime-spi/1.13.6.Final/quarkus-security-runtime-spi-1.13.6.Final.jar:/Users/pedro.pereira/.m2/repository/io/quarkus/quarkus-vertx-http-dev-console-runtime-spi/1.13.6.Final/quarkus-vertx-http-dev-console-runtime-spi-1.13.6.Final.jar:/Users/pedro.pereira/.m2/repository/io/quarkus/security/quarkus-security/1.1.4.Final/quarkus-security-1.1.4.Final.jar:/Users/pedro.pereira/.m2/repository/io/smallrye/reactive/mutiny/0.14.0/mutiny-0.14.0.jar:/Users/pedro.pereira/.m2/repository/org/reactivestreams/reactive-streams/1.0.3/reactive-streams-1.0.3.jar:/Users/pedro.pereira/.m2/repository/io/quarkus/quarkus-vertx-core/1.13.6.Final/quarkus-vertx-core-1.13.6.Final.jar:/Users/pedro.pereira/.m2/repository/io/quarkus/quarkus-netty/1.13.6.Final/quarkus-netty-1.13.6.Final.jar:/Users/pedro.pereira/.m2/repository/io/netty/netty-codec/4.1.49.Final/netty-codec-4.1.49.Final.jar:/Users/pedro.pereira/.m2/repository/io/netty/netty-handler/4.1.49.Final/netty-handler-4.1.49.Final.jar:/Users/pedro.pereira/.m2/repository/io/vertx/vertx-core/3.9.6/vertx-core-3.9.6.jar:/Users/pedro.pereira/.m2/repository/io/netty/netty-common/4.1.49.Final/netty-common-4.1.49.Final.jar:/Users/pedro.pereira/.m2/repository/io/netty/netty-buffer/4.1.49.Final/netty-buffer-4.1.49.Final.jar:/Users/pedro.pereira/.m2/repository/io/netty/netty-transport/4.1.49.Final/netty-transport-4.1.49.Final.jar:/Users/pedro.pereira/.m2/repository/io/netty/netty-handler-proxy/4.1.49.Final/netty-handler-proxy-4.1.49.Final.jar:/Users/pedro.pereira/.m2/repository/io/netty/netty-codec-socks/4.1.49.Final/netty-codec-socks-4.1.49.Final.jar:/Users/pedro.pereira/.m2/repository/io/netty/netty-codec-http/4.1.49.Final/netty-codec-http-4.1.49.Final.jar:/Users/pedro.pereira/.m2/repository/io/netty/netty-codec-http2/4.1.49.Final/netty-codec-http2-4.1.49.Final.jar:/Users/pedro.pereira/.m2/repository/io/netty/netty-resolver/4.1.49.Final/netty-resolver-4.1.49.Final.jar:/Users/pedro.pereira/.m2/repository/io/netty/netty-resolver-dns/4.1.49.Final/netty-resolver-dns-4.1.49.Final.jar:/Users/pedro.pereira/.m2/repository/io/netty/netty-codec-dns/4.1.49.Final/netty-codec-dns-4.1.49.Final.jar:/Users/pedro.pereira/.m2/repository/io/vertx/vertx-web/3.9.6/vertx-web-3.9.6.jar:/Users/pedro.pereira/.m2/repository/io/vertx/vertx-web-common/3.9.6/vertx-web-common-3.9.6.jar:/Users/pedro.pereira/.m2/repository/io/vertx/vertx-auth-common/3.9.6/vertx-auth-common-3.9.6.jar:/Users/pedro.pereira/.m2/repository/io/vertx/vertx-bridge-common/3.9.6/vertx-bridge-common-3.9.6.jar:/Users/pedro.pereira/.m2/repository/io/quarkus/quarkus-resteasy-server-common/1.13.6.Final/quarkus-resteasy-server-common-1.13.6.Final.jar:/Users/pedro.pereira/.m2/repository/io/quarkus/quarkus-resteasy-common/1.13.6.Final/quarkus-resteasy-common-1.13.6.Final.jar:/Users/pedro.pereira/.m2/repository/org/jboss/resteasy/resteasy-core/4.5.12.Final/resteasy-core-4.5.12.Final.jar:/Users/pedro.pereira/.m2/repository/org/jboss/spec/javax/ws/rs/jboss-jaxrs-api_2.1_spec/2.0.1.Final/jboss-jaxrs-api_2.1_spec-2.0.1.Final.jar:/Users/pedro.pereira/.m2/repository/org/jboss/spec/javax/xml/bind/jboss-jaxb-api_2.3_spec/2.0.0.Final/jboss-jaxb-api_2.3_spec-2.0.0.Final.jar:/Users/pedro.pereira/.m2/repository/org/jboss/resteasy/resteasy-core-spi/4.5.12.Final/resteasy-core-spi-4.5.12.Final.jar:/Users/pedro.pereira/.m2/repository/com/ibm/async/asyncutil/0.1.0/asyncutil-0.1.0.jar:/Users/pedro.pereira/.m2/repository/com/sun/activation/jakarta.activation/1.2.1/jakarta.activation-1.2.1.jar:/Users/pedro.pereira/.m2/repository/jakarta/validation/jakarta.validation-api/2.0.2/jakarta.validation-api-2.0.2.jar:/Users/pedro.pereira/.m2/repository/io/quarkus/quarkus-resteasy-jsonb/1.13.6.Final/quarkus-resteasy-jsonb-1.13.6.Final.jar:/Users/pedro.pereira/.m2/repository/io/quarkus/quarkus-jsonb/1.13.6.Final/quarkus-jsonb-1.13.6.Final.jar:/Users/pedro.pereira/.m2/repository/org/eclipse/yasson/1.0.9/yasson-1.0.9.jar:/Users/pedro.pereira/.m2/repository/io/quarkus/quarkus-jsonp/1.13.6.Final/quarkus-jsonp-1.13.6.Final.jar:/Users/pedro.pereira/.m2/repository/org/jboss/resteasy/resteasy-json-binding-provider/4.5.12.Final/resteasy-json-binding-provider-4.5.12.Final.jar:/Users/pedro.pereira/.m2/repository/org/glassfish/jakarta.json/1.1.6/jakarta.json-1.1.6.jar:/Users/pedro.pereira/.m2/repository/jakarta/json/bind/jakarta.json.bind-api/1.0.2/jakarta.json.bind-api-1.0.2.jar:/Users/pedro.pereira/.m2/repository/org/jboss/resteasy/resteasy-json-p-provider/4.5.12.Final/resteasy-json-p-provider-4.5.12.Final.jar:/Users/pedro.pereira/.m2/repository/io/quarkus/quarkus-smallrye-openapi/1.13.6.Final/quarkus-smallrye-openapi-1.13.6.Final.jar:/Users/pedro.pereira/.m2/repository/io/smallrye/smallrye-open-api-core/2.0.26/smallrye-open-api-core-2.0.26.jar:/Users/pedro.pereira/.m2/repository/org/eclipse/microprofile/openapi/microprofile-openapi-api/1.1.3-RC1/microprofile-openapi-api-1.1.3-RC1.jar:/Users/pedro.pereira/.m2/repository/org/eclipse/microprofile/config/microprofile-config-api/1.4/microprofile-config-api-1.4.jar:/Users/pedro.pereira/.m2/repository/com/fasterxml/jackson/core/jackson-core/2.12.3/jackson-core-2.12.3.jar:/Users/pedro.pereira/.m2/repository/com/fasterxml/jackson/core/jackson-databind/2.12.3/jackson-databind-2.12.3.jar:/Users/pedro.pereira/.m2/repository/com/fasterxml/jackson/core/jackson-annotations/2.12.3/jackson-annotations-2.12.3.jar:/Users/pedro.pereira/.m2/repository/com/fasterxml/jackson/dataformat/jackson-dataformat-yaml/2.12.3/jackson-dataformat-yaml-2.12.3.jar:/Users/pedro.pereira/.m2/repository/org/yaml/snakeyaml/1.28/snakeyaml-1.28.jar:/Users/pedro.pereira/.m2/repository/org/jboss/jandex/2.2.3.Final/jandex-2.2.3.Final.jar:/Users/pedro.pereira/.m2/repository/io/quarkus/quarkus-swagger-ui/1.13.6.Final/quarkus-swagger-ui-1.13.6.Final.jar:/Users/pedro.pereira/.m2/repository/io/quarkus/quarkus-junit5/1.13.6.Final/quarkus-junit5-1.13.6.Final.jar:/Users/pedro.pereira/.m2/repository/io/quarkus/quarkus-bootstrap-core/1.13.6.Final/quarkus-bootstrap-core-1.13.6.Final.jar:/Users/pedro.pereira/.m2/repository/io/quarkus/quarkus-bootstrap-app-model/1.13.6.Final/quarkus-bootstrap-app-model-1.13.6.Final.jar:/Users/pedro.pereira/.m2/repository/io/quarkus/quarkus-bootstrap-maven-resolver/1.13.6.Final/quarkus-bootstrap-maven-resolver-1.13.6.Final.jar:/Users/pedro.pereira/.m2/repository/org/apache/maven/maven-embedder/3.8.1/maven-embedder-3.8.1.jar:/Users/pedro.pereira/.m2/repository/org/apache/maven/maven-settings/3.8.1/maven-settings-3.8.1.jar:/Users/pedro.pereira/.m2/repository/org/apache/maven/maven-core/3.8.1/maven-core-3.8.1.jar:/Users/pedro.pereira/.m2/repository/org/apache/maven/maven-artifact/3.8.1/maven-artifact-3.8.1.jar:/Users/pedro.pereira/.m2/repository/org/codehaus/plexus/plexus-component-annotations/2.1.0/plexus-component-annotations-2.1.0.jar:/Users/pedro.pereira/.m2/repository/org/apache/maven/maven-plugin-api/3.8.1/maven-plugin-api-3.8.1.jar:/Users/pedro.pereira/.m2/repository/org/apache/maven/maven-model/3.8.1/maven-model-3.8.1.jar:/Users/pedro.pereira/.m2/repository/org/apache/maven/maven-model-builder/3.8.1/maven-model-builder-3.8.1.jar:/Users/pedro.pereira/.m2/repository/org/apache/maven/maven-builder-support/3.8.1/maven-builder-support-3.8.1.jar:/Users/pedro.pereira/.m2/repository/org/apache/maven/resolver/maven-resolver-api/1.6.2/maven-resolver-api-1.6.2.jar:/Users/pedro.pereira/.m2/repository/org/apache/maven/resolver/maven-resolver-util/1.6.2/maven-resolver-util-1.6.2.jar:/Users/pedro.pereira/.m2/repository/org/apache/maven/shared/maven-shared-utils/3.2.1/maven-shared-utils-3.2.1.jar:/Users/pedro.pereira/.m2/repository/com/google/inject/guice/4.2.1/guice-4.2.1-no_aop.jar:/Users/pedro.pereira/.m2/repository/com/google/guava/guava/30.1-jre/guava-30.1-jre.jar:/Users/pedro.pereira/.m2/repository/com/google/guava/failureaccess/1.0.1/failureaccess-1.0.1.jar:/Users/pedro.pereira/.m2/repository/com/google/guava/listenablefuture/9999.0-empty-to-avoid-conflict-with-guava/listenablefuture-9999.0-empty-to-avoid-conflict-with-guava.jar:/Users/pedro.pereira/.m2/repository/org/codehaus/plexus/plexus-utils/3.2.1/plexus-utils-3.2.1.jar:/Users/pedro.pereira/.m2/repository/org/codehaus/plexus/plexus-classworlds/2.6.0/plexus-classworlds-2.6.0.jar:/Users/pedro.pereira/.m2/repository/commons-cli/commons-cli/1.4/commons-cli-1.4.jar:/Users/pedro.pereira/.m2/repository/org/eclipse/sisu/org.eclipse.sisu.plexus/0.3.4/org.eclipse.sisu.plexus-0.3.4.jar:/Users/pedro.pereira/.m2/repository/org/apache/maven/maven-settings-builder/3.8.1/maven-settings-builder-3.8.1.jar:/Users/pedro.pereira/.m2/repository/org/codehaus/plexus/plexus-interpolation/1.25/plexus-interpolation-1.25.jar:/Users/pedro.pereira/.m2/repository/org/sonatype/plexus/plexus-sec-dispatcher/1.4/plexus-sec-dispatcher-1.4.jar:/Users/pedro.pereira/.m2/repository/org/sonatype/plexus/plexus-cipher/1.4/plexus-cipher-1.4.jar:/Users/pedro.pereira/.m2/repository/org/apache/maven/maven-resolver-provider/3.8.1/maven-resolver-provider-3.8.1.jar:/Users/pedro.pereira/.m2/repository/org/apache/maven/maven-repository-metadata/3.8.1/maven-repository-metadata-3.8.1.jar:/Users/pedro.pereira/.m2/repository/org/apache/maven/resolver/maven-resolver-spi/1.6.2/maven-resolver-spi-1.6.2.jar:/Users/pedro.pereira/.m2/repository/org/apache/maven/resolver/maven-resolver-impl/1.6.2/maven-resolver-impl-1.6.2.jar:/Users/pedro.pereira/.m2/repository/org/apache/maven/resolver/maven-resolver-connector-basic/1.6.2/maven-resolver-connector-basic-1.6.2.jar:/Users/pedro.pereira/.m2/repository/org/apache/maven/resolver/maven-resolver-transport-wagon/1.6.2/maven-resolver-transport-wagon-1.6.2.jar:/Users/pedro.pereira/.m2/repository/org/apache/maven/wagon/wagon-http/3.4.3/wagon-http-3.4.3.jar:/Users/pedro.pereira/.m2/repository/org/apache/maven/wagon/wagon-http-shared/3.4.3/wagon-http-shared-3.4.3.jar:/Users/pedro.pereira/.m2/repository/org/apache/maven/wagon/wagon-provider-api/3.4.3/wagon-provider-api-3.4.3.jar:/Users/pedro.pereira/.m2/repository/org/apache/maven/wagon/wagon-file/3.4.3/wagon-file-3.4.3.jar:/Users/pedro.pereira/.m2/repository/io/quarkus/quarkus-bootstrap-gradle-resolver/1.13.6.Final/quarkus-bootstrap-gradle-resolver-1.13.6.Final.jar:/Users/pedro.pereira/.m2/repository/io/smallrye/common/smallrye-common-io/1.5.0/smallrye-common-io-1.5.0.jar:/Users/pedro.pereira/.m2/repository/org/eclipse/sisu/org.eclipse.sisu.inject/0.3.4/org.eclipse.sisu.inject-0.3.4.jar:/Users/pedro.pereira/.m2/repository/io/quarkus/quarkus-test-common/1.13.6.Final/quarkus-test-common-1.13.6.Final.jar:/Users/pedro.pereira/.m2/repository/io/quarkus/quarkus-core-deployment/1.13.6.Final/quarkus-core-deployment-1.13.6.Final.jar:/Users/pedro.pereira/.m2/repository/io/quarkus/gizmo/gizmo/1.0.7.Final/gizmo-1.0.7.Final.jar:/Users/pedro.pereira/.m2/repository/org/ow2/asm/asm-util/9.1/asm-util-9.1.jar:/Users/pedro.pereira/.m2/repository/org/ow2/asm/asm-tree/9.1/asm-tree-9.1.jar:/Users/pedro.pereira/.m2/repository/org/ow2/asm/asm-analysis/9.1/asm-analysis-9.1.jar:/Users/pedro.pereira/.m2/repository/org/ow2/asm/asm/9.1/asm-9.1.jar:/Users/pedro.pereira/.m2/repository/io/quarkus/quarkus-class-change-agent/1.13.6.Final/quarkus-class-change-agent-1.13.6.Final.jar:/Users/pedro.pereira/.m2/repository/io/quarkus/quarkus-devtools-utilities/1.13.6.Final/quarkus-devtools-utilities-1.13.6.Final.jar:/Users/pedro.pereira/.m2/repository/io/quarkus/quarkus-builder/1.13.6.Final/quarkus-builder-1.13.6.Final.jar:/Users/pedro.pereira/.m2/repository/io/quarkus/quarkus-jsonp-deployment/1.13.6.Final/quarkus-jsonp-deployment-1.13.6.Final.jar:/Users/pedro.pereira/.m2/repository/org/jboss/logging/commons-logging-jboss-logging/1.0.0.Final/commons-logging-jboss-logging-1.0.0.Final.jar:/Users/pedro.pereira/.m2/repository/org/junit/jupiter/junit-jupiter/5.7.1/junit-jupiter-5.7.1.jar:/Users/pedro.pereira/.m2/repository/org/junit/jupiter/junit-jupiter-api/5.7.1/junit-jupiter-api-5.7.1.jar:/Users/pedro.pereira/.m2/repository/org/apiguardian/apiguardian-api/1.1.0/apiguardian-api-1.1.0.jar:/Users/pedro.pereira/.m2/repository/org/opentest4j/opentest4j/1.2.0/opentest4j-1.2.0.jar:/Users/pedro.pereira/.m2/repository/org/junit/platform/junit-platform-commons/1.7.1/junit-platform-commons-1.7.1.jar:/Users/pedro.pereira/.m2/repository/org/junit/jupiter/junit-jupiter-params/5.7.1/junit-jupiter-params-5.7.1.jar:/Users/pedro.pereira/.m2/repository/org/junit/jupiter/junit-jupiter-engine/5.7.1/junit-jupiter-engine-5.7.1.jar:/Users/pedro.pereira/.m2/repository/org/junit/platform/junit-platform-engine/1.7.1/junit-platform-engine-1.7.1.jar:/Users/pedro.pereira/.m2/repository/io/quarkus/quarkus-datasource-deployment-spi/1.13.6.Final/quarkus-datasource-deployment-spi-1.13.6.Final.jar:/Users/pedro.pereira/.m2/repository/io/quarkus/quarkus-arc-deployment/1.13.6.Final/quarkus-arc-deployment-1.13.6.Final.jar:/Users/pedro.pereira/.m2/repository/io/quarkus/quarkus-vertx-http-dev-console-spi/1.13.6.Final/quarkus-vertx-http-dev-console-spi-1.13.6.Final.jar:/Users/pedro.pereira/.m2/repository/io/quarkus/arc/arc-processor/1.13.6.Final/arc-processor-1.13.6.Final.jar:/Users/pedro.pereira/.m2/repository/io/quarkus/quarkus-datasource-common/1.13.6.Final/quarkus-datasource-common-1.13.6.Final.jar:/Users/pedro.pereira/.m2/repository/com/thoughtworks/xstream/xstream/1.4.16/xstream-1.4.16.jar:/Users/pedro.pereira/.m2/repository/io/github/x-stream/mxparser/1.2.1/mxparser-1.2.1.jar:/Users/pedro.pereira/.m2/repository/xmlpull/xmlpull/1.1.3.1/xmlpull-1.1.3.1.jar:/Users/pedro.pereira/.m2/repository/commons-io/commons-io/2.8.0/commons-io-2.8.0.jar:/Users/pedro.pereira/.m2/repository/io/rest-assured/rest-assured/4.3.3/rest-assured-4.3.3.jar:/Users/pedro.pereira/.m2/repository/org/codehaus/groovy/groovy/3.0.5/groovy-3.0.5.jar:/Users/pedro.pereira/.m2/repository/org/codehaus/groovy/groovy-xml/3.0.7/groovy-xml-3.0.7.jar:/Users/pedro.pereira/.m2/repository/org/apache/httpcomponents/httpclient/4.5.13/httpclient-4.5.13.jar:/Users/pedro.pereira/.m2/repository/org/apache/httpcomponents/httpcore/4.4.14/httpcore-4.4.14.jar:/Users/pedro.pereira/.m2/repository/commons-codec/commons-codec/1.14/commons-codec-1.14.jar:/Users/pedro.pereira/.m2/repository/org/apache/httpcomponents/httpmime/4.5.13/httpmime-4.5.13.jar:/Users/pedro.pereira/.m2/repository/org/hamcrest/hamcrest/2.1/hamcrest-2.1.jar:/Users/pedro.pereira/.m2/repository/org/ccil/cowan/tagsoup/tagsoup/1.2.1/tagsoup-1.2.1.jar:/Users/pedro.pereira/.m2/repository/io/rest-assured/json-path/4.3.3/json-path-4.3.3.jar:/Users/pedro.pereira/.m2/repository/org/codehaus/groovy/groovy-json/3.0.5/groovy-json-3.0.5.jar:/Users/pedro.pereira/.m2/repository/io/rest-assured/rest-assured-common/4.3.3/rest-assured-common-4.3.3.jar:/Users/pedro.pereira/.m2/repository/io/rest-assured/xml-path/4.3.3/xml-path-4.3.3.jar:/Users/pedro.pereira/.m2/repository/org/apache/commons/commons-lang3/3.12.0/commons-lang3-3.12.0.jar:/Users/pedro.pereira/.m2/repository/jakarta/xml/bind/jakarta.xml.bind-api/2.3.3/jakarta.xml.bind-api-2.3.3.jar:/Users/pedro.pereira/.m2/repository/jakarta/activation/jakarta.activation-api/1.2.1/jakarta.activation-api-1.2.1.jar:/Users/pedro.pereira/.m2/repository/com/sun/xml/bind/jaxb-impl/2.3.3/jaxb-impl-2.3.3.jar:/Users/pedro.pereira/.m2/repository/org/jsoup/jsoup/1.12.1/jsoup-1.12.1.jar:/Users/pedro.pereira/.m2/repository/org/apache/opennlp/opennlp-tools/1.8.4/opennlp-tools-1.8.4.jar:/Users/pedro.pereira/.m2/repository/com/google/code/gson/gson/2.8.6/gson-2.8.6.jar:"/>
    <property name="java.vm.vendor" value="Oracle Corporation"/>
    <property name="sun.arch.data.model" value="64"/>
    <property name="java.vendor.url" value="https://java.oracle.com/"/>
    <property name="user.timezone" value="America/Sao_Paulo"/>
    <property name="os.name" value="Mac OS X"/>
    <property name="java.vm.specification.version" value="14"/>
    <property name="mp.openapi.extensions.smallrye.defaultProduces" value="application/json"/>
    <property name="user.country" value="BR"/>
    <property name="sun.java.launcher" value="SUN_STANDARD"/>
    <property name="sun.boot.library.path" value="/Users/pedro.pereira/.p2/pool/plugins/org.eclipse.justj.openjdk.hotspot.jre.full.macosx.x86_64_14.0.2.v20200815-0932/jre/lib"/>
    <property name="sun.java.command" value="/Users/pedro.pereira/eclipse-workspace/call-for-code/target/surefire/surefirebooter17028720892164382952.jar /Users/pedro.pereira/eclipse-workspace/call-for-code/target/surefire 2021-06-08T18-23-25_536-jvmRun1 surefire11196653626716002005tmp surefire_013707194654703882950tmp"/>
    <property name="http.nonProxyHosts" value="local|*.local|169.254/16|*.169.254/16"/>
    <property name="maven.home" value="/Users/pedro.pereira/eclipse-workspace/call-for-code/EMBEDDED"/>
    <property name="jdk.debug" value="release"/>
    <property name="surefire.test.class.path" value="/Users/pedro.pereira/eclipse-workspace/call-for-code/target/test-classes:/Users/pedro.pereira/eclipse-workspace/call-for-code/target/classes:/Users/pedro.pereira/.m2/repository/io/quarkus/quarkus-arc/1.13.6.Final/quarkus-arc-1.13.6.Final.jar:/Users/pedro.pereira/.m2/repository/io/quarkus/arc/arc/1.13.6.Final/arc-1.13.6.Final.jar:/Users/pedro.pereira/.m2/repository/jakarta/enterprise/jakarta.enterprise.cdi-api/2.0.2/jakarta.enterprise.cdi-api-2.0.2.jar:/Users/pedro.pereira/.m2/repository/jakarta/el/jakarta.el-api/3.0.3/jakarta.el-api-3.0.3.jar:/Users/pedro.pereira/.m2/repository/jakarta/interceptor/jakarta.interceptor-api/1.2.5/jakarta.interceptor-api-1.2.5.jar:/Users/pedro.pereira/.m2/repository/jakarta/annotation/jakarta.annotation-api/1.3.5/jakarta.annotation-api-1.3.5.jar:/Users/pedro.pereira/.m2/repository/jakarta/transaction/jakarta.transaction-api/1.3.3/jakarta.transaction-api-1.3.3.jar:/Users/pedro.pereira/.m2/repository/org/jboss/logging/jboss-logging/3.4.1.Final/jboss-logging-3.4.1.Final.jar:/Users/pedro.pereira/.m2/repository/io/quarkus/quarkus-core/1.13.6.Final/quarkus-core-1.13.6.Final.jar:/Users/pedro.pereira/.m2/repository/jakarta/inject/jakarta.inject-api/1.0/jakarta.inject-api-1.0.jar:/Users/pedro.pereira/.m2/repository/io/quarkus/quarkus-ide-launcher/1.13.6.Final/quarkus-ide-launcher-1.13.6.Final.jar:/Users/pedro.pereira/.m2/repository/io/quarkus/quarkus-development-mode-spi/1.13.6.Final/quarkus-development-mode-spi-1.13.6.Final.jar:/Users/pedro.pereira/.m2/repository/io/smallrye/config/smallrye-config/1.13.1/smallrye-config-1.13.1.jar:/Users/pedro.pereira/.m2/repository/io/smallrye/common/smallrye-common-annotation/1.5.0/smallrye-common-annotation-1.5.0.jar:/Users/pedro.pereira/.m2/repository/io/smallrye/common/smallrye-common-expression/1.5.0/smallrye-common-expression-1.5.0.jar:/Users/pedro.pereira/.m2/repository/io/smallrye/common/smallrye-common-function/1.5.0/smallrye-common-function-1.5.0.jar:/Users/pedro.pereira/.m2/repository/io/smallrye/common/smallrye-common-constraint/1.5.0/smallrye-common-constraint-1.5.0.jar:/Users/pedro.pereira/.m2/repository/io/smallrye/common/smallrye-common-classloader/1.5.0/smallrye-common-classloader-1.5.0.jar:/Users/pedro.pereira/.m2/repository/io/smallrye/config/smallrye-config-common/1.13.1/smallrye-config-common-1.13.1.jar:/Users/pedro.pereira/.m2/repository/org/jboss/logmanager/jboss-logmanager-embedded/1.0.9/jboss-logmanager-embedded-1.0.9.jar:/Users/pedro.pereira/.m2/repository/org/jboss/logging/jboss-logging-annotations/2.2.0.Final/jboss-logging-annotations-2.2.0.Final.jar:/Users/pedro.pereira/.m2/repository/org/jboss/threads/jboss-threads/3.2.0.Final/jboss-threads-3.2.0.Final.jar:/Users/pedro.pereira/.m2/repository/org/slf4j/slf4j-api/1.7.30/slf4j-api-1.7.30.jar:/Users/pedro.pereira/.m2/repository/org/jboss/slf4j/slf4j-jboss-logmanager/1.1.0.Final/slf4j-jboss-logmanager-1.1.0.Final.jar:/Users/pedro.pereira/.m2/repository/org/graalvm/sdk/graal-sdk/21.0.0/graal-sdk-21.0.0.jar:/Users/pedro.pereira/.m2/repository/org/wildfly/common/wildfly-common/1.5.4.Final-format-001/wildfly-common-1.5.4.Final-format-001.jar:/Users/pedro.pereira/.m2/repository/io/quarkus/quarkus-bootstrap-runner/1.13.6.Final/quarkus-bootstrap-runner-1.13.6.Final.jar:/Users/pedro.pereira/.m2/repository/org/eclipse/microprofile/context-propagation/microprofile-context-propagation-api/1.0.1/microprofile-context-propagation-api-1.0.1.jar:/Users/pedro.pereira/.m2/repository/io/quarkus/quarkus-resteasy/1.13.6.Final/quarkus-resteasy-1.13.6.Final.jar:/Users/pedro.pereira/.m2/repository/io/quarkus/quarkus-vertx-http/1.13.6.Final/quarkus-vertx-http-1.13.6.Final.jar:/Users/pedro.pereira/.m2/repository/io/quarkus/quarkus-security-runtime-spi/1.13.6.Final/quarkus-security-runtime-spi-1.13.6.Final.jar:/Users/pedro.pereira/.m2/repository/io/quarkus/quarkus-vertx-http-dev-console-runtime-spi/1.13.6.Final/quarkus-vertx-http-dev-console-runtime-spi-1.13.6.Final.jar:/Users/pedro.pereira/.m2/repository/io/quarkus/security/quarkus-security/1.1.4.Final/quarkus-security-1.1.4.Final.jar:/Users/pedro.pereira/.m2/repository/io/smallrye/reactive/mutiny/0.14.0/mutiny-0.14.0.jar:/Users/pedro.pereira/.m2/repository/org/reactivestreams/reactive-streams/1.0.3/reactive-streams-1.0.3.jar:/Users/pedro.pereira/.m2/repository/io/quarkus/quarkus-vertx-core/1.13.6.Final/quarkus-vertx-core-1.13.6.Final.jar:/Users/pedro.pereira/.m2/repository/io/quarkus/quarkus-netty/1.13.6.Final/quarkus-netty-1.13.6.Final.jar:/Users/pedro.pereira/.m2/repository/io/netty/netty-codec/4.1.49.Final/netty-codec-4.1.49.Final.jar:/Users/pedro.pereira/.m2/repository/io/netty/netty-handler/4.1.49.Final/netty-handler-4.1.49.Final.jar:/Users/pedro.pereira/.m2/repository/io/vertx/vertx-core/3.9.6/vertx-core-3.9.6.jar:/Users/pedro.pereira/.m2/repository/io/netty/netty-common/4.1.49.Final/netty-common-4.1.49.Final.jar:/Users/pedro.pereira/.m2/repository/io/netty/netty-buffer/4.1.49.Final/netty-buffer-4.1.49.Final.jar:/Users/pedro.pereira/.m2/repository/io/netty/netty-transport/4.1.49.Final/netty-transport-4.1.49.Final.jar:/Users/pedro.pereira/.m2/repository/io/netty/netty-handler-proxy/4.1.49.Final/netty-handler-proxy-4.1.49.Final.jar:/Users/pedro.pereira/.m2/repository/io/netty/netty-codec-socks/4.1.49.Final/netty-codec-socks-4.1.49.Final.jar:/Users/pedro.pereira/.m2/repository/io/netty/netty-codec-http/4.1.49.Final/netty-codec-http-4.1.49.Final.jar:/Users/pedro.pereira/.m2/repository/io/netty/netty-codec-http2/4.1.49.Final/netty-codec-http2-4.1.49.Final.jar:/Users/pedro.pereira/.m2/repository/io/netty/netty-resolver/4.1.49.Final/netty-resolver-4.1.49.Final.jar:/Users/pedro.pereira/.m2/repository/io/netty/netty-resolver-dns/4.1.49.Final/netty-resolver-dns-4.1.49.Final.jar:/Users/pedro.pereira/.m2/repository/io/netty/netty-codec-dns/4.1.49.Final/netty-codec-dns-4.1.49.Final.jar:/Users/pedro.pereira/.m2/repository/io/vertx/vertx-web/3.9.6/vertx-web-3.9.6.jar:/Users/pedro.pereira/.m2/repository/io/vertx/vertx-web-common/3.9.6/vertx-web-common-3.9.6.jar:/Users/pedro.pereira/.m2/repository/io/vertx/vertx-auth-common/3.9.6/vertx-auth-common-3.9.6.jar:/Users/pedro.pereira/.m2/repository/io/vertx/vertx-bridge-common/3.9.6/vertx-bridge-common-3.9.6.jar:/Users/pedro.pereira/.m2/repository/io/quarkus/quarkus-resteasy-server-common/1.13.6.Final/quarkus-resteasy-server-common-1.13.6.Final.jar:/Users/pedro.pereira/.m2/repository/io/quarkus/quarkus-resteasy-common/1.13.6.Final/quarkus-resteasy-common-1.13.6.Final.jar:/Users/pedro.pereira/.m2/repository/org/jboss/resteasy/resteasy-core/4.5.12.Final/resteasy-core-4.5.12.Final.jar:/Users/pedro.pereira/.m2/repository/org/jboss/spec/javax/ws/rs/jboss-jaxrs-api_2.1_spec/2.0.1.Final/jboss-jaxrs-api_2.1_spec-2.0.1.Final.jar:/Users/pedro.pereira/.m2/repository/org/jboss/spec/javax/xml/bind/jboss-jaxb-api_2.3_spec/2.0.0.Final/jboss-jaxb-api_2.3_spec-2.0.0.Final.jar:/Users/pedro.pereira/.m2/repository/org/jboss/resteasy/resteasy-core-spi/4.5.12.Final/resteasy-core-spi-4.5.12.Final.jar:/Users/pedro.pereira/.m2/repository/com/ibm/async/asyncutil/0.1.0/asyncutil-0.1.0.jar:/Users/pedro.pereira/.m2/repository/com/sun/activation/jakarta.activation/1.2.1/jakarta.activation-1.2.1.jar:/Users/pedro.pereira/.m2/repository/jakarta/validation/jakarta.validation-api/2.0.2/jakarta.validation-api-2.0.2.jar:/Users/pedro.pereira/.m2/repository/io/quarkus/quarkus-resteasy-jsonb/1.13.6.Final/quarkus-resteasy-jsonb-1.13.6.Final.jar:/Users/pedro.pereira/.m2/repository/io/quarkus/quarkus-jsonb/1.13.6.Final/quarkus-jsonb-1.13.6.Final.jar:/Users/pedro.pereira/.m2/repository/org/eclipse/yasson/1.0.9/yasson-1.0.9.jar:/Users/pedro.pereira/.m2/repository/io/quarkus/quarkus-jsonp/1.13.6.Final/quarkus-jsonp-1.13.6.Final.jar:/Users/pedro.pereira/.m2/repository/org/jboss/resteasy/resteasy-json-binding-provider/4.5.12.Final/resteasy-json-binding-provider-4.5.12.Final.jar:/Users/pedro.pereira/.m2/repository/org/glassfish/jakarta.json/1.1.6/jakarta.json-1.1.6.jar:/Users/pedro.pereira/.m2/repository/jakarta/json/bind/jakarta.json.bind-api/1.0.2/jakarta.json.bind-api-1.0.2.jar:/Users/pedro.pereira/.m2/repository/org/jboss/resteasy/resteasy-json-p-provider/4.5.12.Final/resteasy-json-p-provider-4.5.12.Final.jar:/Users/pedro.pereira/.m2/repository/io/quarkus/quarkus-smallrye-openapi/1.13.6.Final/quarkus-smallrye-openapi-1.13.6.Final.jar:/Users/pedro.pereira/.m2/repository/io/smallrye/smallrye-open-api-core/2.0.26/smallrye-open-api-core-2.0.26.jar:/Users/pedro.pereira/.m2/repository/org/eclipse/microprofile/openapi/microprofile-openapi-api/1.1.3-RC1/microprofile-openapi-api-1.1.3-RC1.jar:/Users/pedro.pereira/.m2/repository/org/eclipse/microprofile/config/microprofile-config-api/1.4/microprofile-config-api-1.4.jar:/Users/pedro.pereira/.m2/repository/com/fasterxml/jackson/core/jackson-core/2.12.3/jackson-core-2.12.3.jar:/Users/pedro.pereira/.m2/repository/com/fasterxml/jackson/core/jackson-databind/2.12.3/jackson-databind-2.12.3.jar:/Users/pedro.pereira/.m2/repository/com/fasterxml/jackson/core/jackson-annotations/2.12.3/jackson-annotations-2.12.3.jar:/Users/pedro.pereira/.m2/repository/com/fasterxml/jackson/dataformat/jackson-dataformat-yaml/2.12.3/jackson-dataformat-yaml-2.12.3.jar:/Users/pedro.pereira/.m2/repository/org/yaml/snakeyaml/1.28/snakeyaml-1.28.jar:/Users/pedro.pereira/.m2/repository/org/jboss/jandex/2.2.3.Final/jandex-2.2.3.Final.jar:/Users/pedro.pereira/.m2/repository/io/quarkus/quarkus-swagger-ui/1.13.6.Final/quarkus-swagger-ui-1.13.6.Final.jar:/Users/pedro.pereira/.m2/repository/io/quarkus/quarkus-junit5/1.13.6.Final/quarkus-junit5-1.13.6.Final.jar:/Users/pedro.pereira/.m2/repository/io/quarkus/quarkus-bootstrap-core/1.13.6.Final/quarkus-bootstrap-core-1.13.6.Final.jar:/Users/pedro.pereira/.m2/repository/io/quarkus/quarkus-bootstrap-app-model/1.13.6.Final/quarkus-bootstrap-app-model-1.13.6.Final.jar:/Users/pedro.pereira/.m2/repository/io/quarkus/quarkus-bootstrap-maven-resolver/1.13.6.Final/quarkus-bootstrap-maven-resolver-1.13.6.Final.jar:/Users/pedro.pereira/.m2/repository/org/apache/maven/maven-embedder/3.8.1/maven-embedder-3.8.1.jar:/Users/pedro.pereira/.m2/repository/org/apache/maven/maven-settings/3.8.1/maven-settings-3.8.1.jar:/Users/pedro.pereira/.m2/repository/org/apache/maven/maven-core/3.8.1/maven-core-3.8.1.jar:/Users/pedro.pereira/.m2/repository/org/apache/maven/maven-artifact/3.8.1/maven-artifact-3.8.1.jar:/Users/pedro.pereira/.m2/repository/org/codehaus/plexus/plexus-component-annotations/2.1.0/plexus-component-annotations-2.1.0.jar:/Users/pedro.pereira/.m2/repository/org/apache/maven/maven-plugin-api/3.8.1/maven-plugin-api-3.8.1.jar:/Users/pedro.pereira/.m2/repository/org/apache/maven/maven-model/3.8.1/maven-model-3.8.1.jar:/Users/pedro.pereira/.m2/repository/org/apache/maven/maven-model-builder/3.8.1/maven-model-builder-3.8.1.jar:/Users/pedro.pereira/.m2/repository/org/apache/maven/maven-builder-support/3.8.1/maven-builder-support-3.8.1.jar:/Users/pedro.pereira/.m2/repository/org/apache/maven/resolver/maven-resolver-api/1.6.2/maven-resolver-api-1.6.2.jar:/Users/pedro.pereira/.m2/repository/org/apache/maven/resolver/maven-resolver-util/1.6.2/maven-resolver-util-1.6.2.jar:/Users/pedro.pereira/.m2/repository/org/apache/maven/shared/maven-shared-utils/3.2.1/maven-shared-utils-3.2.1.jar:/Users/pedro.pereira/.m2/repository/com/google/inject/guice/4.2.1/guice-4.2.1-no_aop.jar:/Users/pedro.pereira/.m2/repository/com/google/guava/guava/30.1-jre/guava-30.1-jre.jar:/Users/pedro.pereira/.m2/repository/com/google/guava/failureaccess/1.0.1/failureaccess-1.0.1.jar:/Users/pedro.pereira/.m2/repository/com/google/guava/listenablefuture/9999.0-empty-to-avoid-conflict-with-guava/listenablefuture-9999.0-empty-to-avoid-conflict-with-guava.jar:/Users/pedro.pereira/.m2/repository/org/codehaus/plexus/plexus-utils/3.2.1/plexus-utils-3.2.1.jar:/Users/pedro.pereira/.m2/repository/org/codehaus/plexus/plexus-classworlds/2.6.0/plexus-classworlds-2.6.0.jar:/Users/pedro.pereira/.m2/repository/commons-cli/commons-cli/1.4/commons-cli-1.4.jar:/Users/pedro.pereira/.m2/repository/org/eclipse/sisu/org.eclipse.sisu.plexus/0.3.4/org.eclipse.sisu.plexus-0.3.4.jar:/Users/pedro.pereira/.m2/repository/org/apache/maven/maven-settings-builder/3.8.1/maven-settings-builder-3.8.1.jar:/Users/pedro.pereira/.m2/repository/org/codehaus/plexus/plexus-interpolation/1.25/plexus-interpolation-1.25.jar:/Users/pedro.pereira/.m2/repository/org/sonatype/plexus/plexus-sec-dispatcher/1.4/plexus-sec-dispatcher-1.4.jar:/Users/pedro.pereira/.m2/repository/org/sonatype/plexus/plexus-cipher/1.4/plexus-cipher-1.4.jar:/Users/pedro.pereira/.m2/repository/org/apache/maven/maven-resolver-provider/3.8.1/maven-resolver-provider-3.8.1.jar:/Users/pedro.pereira/.m2/repository/org/apache/maven/maven-repository-metadata/3.8.1/maven-repository-metadata-3.8.1.jar:/Users/pedro.pereira/.m2/repository/org/apache/maven/resolver/maven-resolver-spi/1.6.2/maven-resolver-spi-1.6.2.jar:/Users/pedro.pereira/.m2/repository/org/apache/maven/resolver/maven-resolver-impl/1.6.2/maven-resolver-impl-1.6.2.jar:/Users/pedro.pereira/.m2/repository/org/apache/maven/resolver/maven-resolver-connector-basic/1.6.2/maven-resolver-connector-basic-1.6.2.jar:/Users/pedro.pereira/.m2/repository/org/apache/maven/resolver/maven-resolver-transport-wagon/1.6.2/maven-resolver-transport-wagon-1.6.2.jar:/Users/pedro.pereira/.m2/repository/org/apache/maven/wagon/wagon-http/3.4.3/wagon-http-3.4.3.jar:/Users/pedro.pereira/.m2/repository/org/apache/maven/wagon/wagon-http-shared/3.4.3/wagon-http-shared-3.4.3.jar:/Users/pedro.pereira/.m2/repository/org/apache/maven/wagon/wagon-provider-api/3.4.3/wagon-provider-api-3.4.3.jar:/Users/pedro.pereira/.m2/repository/org/apache/maven/wagon/wagon-file/3.4.3/wagon-file-3.4.3.jar:/Users/pedro.pereira/.m2/repository/io/quarkus/quarkus-bootstrap-gradle-resolver/1.13.6.Final/quarkus-bootstrap-gradle-resolver-1.13.6.Final.jar:/Users/pedro.pereira/.m2/repository/io/smallrye/common/smallrye-common-io/1.5.0/smallrye-common-io-1.5.0.jar:/Users/pedro.pereira/.m2/repository/org/eclipse/sisu/org.eclipse.sisu.inject/0.3.4/org.eclipse.sisu.inject-0.3.4.jar:/Users/pedro.pereira/.m2/repository/io/quarkus/quarkus-test-common/1.13.6.Final/quarkus-test-common-1.13.6.Final.jar:/Users/pedro.pereira/.m2/repository/io/quarkus/quarkus-core-deployment/1.13.6.Final/quarkus-core-deployment-1.13.6.Final.jar:/Users/pedro.pereira/.m2/repository/io/quarkus/gizmo/gizmo/1.0.7.Final/gizmo-1.0.7.Final.jar:/Users/pedro.pereira/.m2/repository/org/ow2/asm/asm-util/9.1/asm-util-9.1.jar:/Users/pedro.pereira/.m2/repository/org/ow2/asm/asm-tree/9.1/asm-tree-9.1.jar:/Users/pedro.pereira/.m2/repository/org/ow2/asm/asm-analysis/9.1/asm-analysis-9.1.jar:/Users/pedro.pereira/.m2/repository/org/ow2/asm/asm/9.1/asm-9.1.jar:/Users/pedro.pereira/.m2/repository/io/quarkus/quarkus-class-change-agent/1.13.6.Final/quarkus-class-change-agent-1.13.6.Final.jar:/Users/pedro.pereira/.m2/repository/io/quarkus/quarkus-devtools-utilities/1.13.6.Final/quarkus-devtools-utilities-1.13.6.Final.jar:/Users/pedro.pereira/.m2/repository/io/quarkus/quarkus-builder/1.13.6.Final/quarkus-builder-1.13.6.Final.jar:/Users/pedro.pereira/.m2/repository/io/quarkus/quarkus-jsonp-deployment/1.13.6.Final/quarkus-jsonp-deployment-1.13.6.Final.jar:/Users/pedro.pereira/.m2/repository/org/jboss/logging/commons-logging-jboss-logging/1.0.0.Final/commons-logging-jboss-logging-1.0.0.Final.jar:/Users/pedro.pereira/.m2/repository/org/junit/jupiter/junit-jupiter/5.7.1/junit-jupiter-5.7.1.jar:/Users/pedro.pereira/.m2/repository/org/junit/jupiter/junit-jupiter-api/5.7.1/junit-jupiter-api-5.7.1.jar:/Users/pedro.pereira/.m2/repository/org/apiguardian/apiguardian-api/1.1.0/apiguardian-api-1.1.0.jar:/Users/pedro.pereira/.m2/repository/org/opentest4j/opentest4j/1.2.0/opentest4j-1.2.0.jar:/Users/pedro.pereira/.m2/repository/org/junit/platform/junit-platform-commons/1.7.1/junit-platform-commons-1.7.1.jar:/Users/pedro.pereira/.m2/repository/org/junit/jupiter/junit-jupiter-params/5.7.1/junit-jupiter-params-5.7.1.jar:/Users/pedro.pereira/.m2/repository/org/junit/jupiter/junit-jupiter-engine/5.7.1/junit-jupiter-engine-5.7.1.jar:/Users/pedro.pereira/.m2/repository/org/junit/platform/junit-platform-engine/1.7.1/junit-platform-engine-1.7.1.jar:/Users/pedro.pereira/.m2/repository/io/quarkus/quarkus-datasource-deployment-spi/1.13.6.Final/quarkus-datasource-deployment-spi-1.13.6.Final.jar:/Users/pedro.pereira/.m2/repository/io/quarkus/quarkus-arc-deployment/1.13.6.Final/quarkus-arc-deployment-1.13.6.Final.jar:/Users/pedro.pereira/.m2/repository/io/quarkus/quarkus-vertx-http-dev-console-spi/1.13.6.Final/quarkus-vertx-http-dev-console-spi-1.13.6.Final.jar:/Users/pedro.pereira/.m2/repository/io/quarkus/arc/arc-processor/1.13.6.Final/arc-processor-1.13.6.Final.jar:/Users/pedro.pereira/.m2/repository/io/quarkus/quarkus-datasource-common/1.13.6.Final/quarkus-datasource-common-1.13.6.Final.jar:/Users/pedro.pereira/.m2/repository/com/thoughtworks/xstream/xstream/1.4.16/xstream-1.4.16.jar:/Users/pedro.pereira/.m2/repository/io/github/x-stream/mxparser/1.2.1/mxparser-1.2.1.jar:/Users/pedro.pereira/.m2/repository/xmlpull/xmlpull/1.1.3.1/xmlpull-1.1.3.1.jar:/Users/pedro.pereira/.m2/repository/commons-io/commons-io/2.8.0/commons-io-2.8.0.jar:/Users/pedro.pereira/.m2/repository/io/rest-assured/rest-assured/4.3.3/rest-assured-4.3.3.jar:/Users/pedro.pereira/.m2/repository/org/codehaus/groovy/groovy/3.0.5/groovy-3.0.5.jar:/Users/pedro.pereira/.m2/repository/org/codehaus/groovy/groovy-xml/3.0.7/groovy-xml-3.0.7.jar:/Users/pedro.pereira/.m2/repository/org/apache/httpcomponents/httpclient/4.5.13/httpclient-4.5.13.jar:/Users/pedro.pereira/.m2/repository/org/apache/httpcomponents/httpcore/4.4.14/httpcore-4.4.14.jar:/Users/pedro.pereira/.m2/repository/commons-codec/commons-codec/1.14/commons-codec-1.14.jar:/Users/pedro.pereira/.m2/repository/org/apache/httpcomponents/httpmime/4.5.13/httpmime-4.5.13.jar:/Users/pedro.pereira/.m2/repository/org/hamcrest/hamcrest/2.1/hamcrest-2.1.jar:/Users/pedro.pereira/.m2/repository/org/ccil/cowan/tagsoup/tagsoup/1.2.1/tagsoup-1.2.1.jar:/Users/pedro.pereira/.m2/repository/io/rest-assured/json-path/4.3.3/json-path-4.3.3.jar:/Users/pedro.pereira/.m2/repository/org/codehaus/groovy/groovy-json/3.0.5/groovy-json-3.0.5.jar:/Users/pedro.pereira/.m2/repository/io/rest-assured/rest-assured-common/4.3.3/rest-assured-common-4.3.3.jar:/Users/pedro.pereira/.m2/repository/io/rest-assured/xml-path/4.3.3/xml-path-4.3.3.jar:/Users/pedro.pereira/.m2/repository/org/apache/commons/commons-lang3/3.12.0/commons-lang3-3.12.0.jar:/Users/pedro.pereira/.m2/repository/jakarta/xml/bind/jakarta.xml.bind-api/2.3.3/jakarta.xml.bind-api-2.3.3.jar:/Users/pedro.pereira/.m2/repository/jakarta/activation/jakarta.activation-api/1.2.1/jakarta.activation-api-1.2.1.jar:/Users/pedro.pereira/.m2/repository/com/sun/xml/bind/jaxb-impl/2.3.3/jaxb-impl-2.3.3.jar:/Users/pedro.pereira/.m2/repository/org/jsoup/jsoup/1.12.1/jsoup-1.12.1.jar:/Users/pedro.pereira/.m2/repository/org/apache/opennlp/opennlp-tools/1.8.4/opennlp-tools-1.8.4.jar:/Users/pedro.pereira/.m2/repository/com/google/code/gson/gson/2.8.6/gson-2.8.6.jar:"/>
    <property name="sun.cpu.endian" value="little"/>
    <property name="user.home" value="/Users/pedro.pereira"/>
    <property name="user.language" value="en"/>
    <property name="java.specification.vendor" value="Oracle Corporation"/>
    <property name="io.netty.allocator.maxOrder" value="1"/>
    <property name="java.version.date" value="2020-07-14"/>
    <property name="java.home" value="/Users/pedro.pereira/.p2/pool/plugins/org.eclipse.justj.openjdk.hotspot.jre.full.macosx.x86_64_14.0.2.v20200815-0932/jre"/>
    <property name="file.separator" value="/"/>
    <property name="basedir" value="/Users/pedro.pereira/eclipse-workspace/call-for-code"/>
    <property name="java.vm.compressedOopsMode" value="Zero based"/>
    <property name="line.separator" value="&#10;"/>
    <property name="java.vm.specification.vendor" value="Oracle Corporation"/>
    <property name="java.specification.name" value="Java Platform API Specification"/>
    <property name="surefire.real.class.path" value="/Users/pedro.pereira/eclipse-workspace/call-for-code/target/surefire/surefirebooter17028720892164382952.jar"/>
    <property name="sun.management.compiler" value="HotSpot 64-Bit Tiered Compilers"/>
    <property name="ftp.nonProxyHosts" value="local|*.local|169.254/16|*.169.254/16"/>
    <property name="java.runtime.version" value="14.0.2+12-46"/>
    <property name="user.name" value="pedro.pereira"/>
    <property name="path.separator" value=":"/>
    <property name="os.version" value="10.16"/>
    <property name="java.runtime.name" value="OpenJDK Runtime Environment"/>
    <property name="file.encoding" value="UTF-8"/>
    <property name="sun.nio.ch.bugLevel" value=""/>
    <property name="java.vm.name" value="OpenJDK 64-Bit Server VM"/>
    <property name="io.netty.noJdkZlibDecoder" value="false"/>
    <property name="localRepository" value="/Users/pedro.pereira/.m2/repository"/>
    <property name="java.vendor.url.bug" value="https://bugreport.java.com/bugreport/"/>
    <property name="java.io.tmpdir" value="/var/folders/7r/hpcxkrv503v3hvtv9lrylqpc0000gn/T/"/>
    <property name="quarkus.log.file.path" value="target/quarkus.log"/>
    <property name="java.version" value="14.0.2"/>
    <property name="user.dir" value="/Users/pedro.pereira/eclipse-workspace/call-for-code"/>
    <property name="os.arch" value="x86_64"/>
    <property name="java.vm.specification.name" value="Java Virtual Machine Specification"/>
    <property name="vertx.disableDnsResolver" value="true"/>
    <property name="java.util.logging.manager" value="org.jboss.logmanager.LogManager"/>
    <property name="java.library.path" value="/Users/pedro.pereira/Library/Java/Extensions:/Library/Java/Extensions:/Network/Library/Java/Extensions:/System/Library/Java/Extensions:/usr/lib/java:."/>
    <property name="java.vm.info" value="mixed mode"/>
    <property name="java.vendor" value="Oracle Corporation"/>
    <property name="java.vm.version" value="14.0.2+12-46"/>
    <property name="sun.io.unicode.encoding" value="UnicodeBig"/>
    <property name="io.netty.machineId" value="7c:4d:5b:8c:50:a4:3b:4c"/>
    <property name="socksNonProxyHosts" value="local|*.local|169.254/16|*.169.254/16"/>
    <property name="java.class.version" value="58.0"/>
    <property name="mp.openapi.extensions.smallrye.defaultConsumes" value="application/json"/>
  </properties>
  <testcase name="testHelloEndpoint" classname="com.ibm.iagro.GreetingResourceTest" time="1.098">
    <failure type="java.lang.AssertionError"><![CDATA[java.lang.AssertionError: 
1 expectation failed.
Expected status code <200> but was <404>.

	at com.ibm.iagro.GreetingResourceTest.testHelloEndpoint(GreetingResourceTest.java:17)
]]></failure>
    <system-out><![CDATA[2021-06-08 18:23:28,393 INFO  [io.quarkus] (main) Quarkus 1.13.6.Final on JVM started in 1.668s. Listening on: http://localhost:8081
2021-06-08 18:23:28,399 INFO  [io.quarkus] (main) Profile test activated. 
2021-06-08 18:23:28,399 INFO  [io.quarkus] (main) Installed features: [cdi, resteasy, resteasy-jsonb, smallrye-openapi, swagger-ui]
]]></system-out>
  </testcase>
</testsuite>